2022-04-08 18:43:36.278  INFO 1017953 --- [main] c.h.a.c.CustomScannersServiceApplication : Starting CustomScannersServiceApplication on desk with PID 1017953 (/home/olili/.vscode/extensions/hcltechnologies.hclappscancodesweep-1.2.0/lib/custom-scanners-service-1.0.12.jar started by olili in /olili/Work/Teachings/brenda-atwi/Test-Repo)
2022-04-08 18:43:36.293  INFO 1017953 --- [main] c.h.a.c.CustomScannersServiceApplication : No active profile set, falling back to default profiles: default
2022-04-08 18:43:40.014  INFO 1017953 --- [main] o.s.b.w.embedded.tomcat.TomcatWebServer  : Tomcat initialized with port(s): 9221 (http)
2022-04-08 18:43:40.181  INFO 1017953 --- [main] o.apache.catalina.core.StandardService   : Starting service [Tomcat]
2022-04-08 18:43:40.186  INFO 1017953 --- [main] org.apache.catalina.core.StandardEngine  : Starting Servlet engine: [Apache Tomcat/9.0.29]
2022-04-08 18:43:40.276  INFO 1017953 --- [main] o.a.c.c.C.[Tomcat].[localhost].[/]       : Initializing Spring embedded WebApplicationContext
2022-04-08 18:43:40.277 DEBUG 1017953 --- [main] o.s.web.context.ContextLoader            : Published root WebApplicationContext as ServletContext attribute with name [org.springframework.web.context.WebApplicationContext.ROOT]
2022-04-08 18:43:40.278  INFO 1017953 --- [main] o.s.web.context.ContextLoader            : Root WebApplicationContext: initialization completed in 3777 ms
2022-04-08 18:43:40.609 DEBUG 1017953 --- [main] o.s.b.w.s.ServletContextInitializerBeans : Mapping filters: filterRegistrationBean urls=[/*] order=-2147483647, characterEncodingFilter urls=[/*] order=-2147483648, formContentFilter urls=[/*] order=-9900, requestContextFilter urls=[/*] order=-105
2022-04-08 18:43:40.620 DEBUG 1017953 --- [main] o.s.b.w.s.ServletContextInitializerBeans : Mapping servlets: dispatcherServlet urls=[/]
2022-04-08 18:43:41.635  INFO 1017953 --- [Thread-0] c.h.a.s.s.services.ArticleResource       : Completed reading English articles
2022-04-08 18:43:41.669 DEBUG 1017953 --- [main] s.w.s.m.m.a.RequestMappingHandlerMapping : 22 mappings in 'requestMappingHandlerMapping'
2022-04-08 18:43:41.749  INFO 1017953 --- [main] o.s.b.a.e.web.EndpointLinksResolver      : Exposing 2 endpoint(s) beneath base path '/actuator'
2022-04-08 18:43:41.828  INFO 1017953 --- [main] pertySourcedRequestMappingHandlerMapping : Mapped URL path [/v2/api-docs] onto method [springfox.documentation.swagger2.web.Swagger2Controller#getDocumentation(String, HttpServletRequest)]
2022-04-08 18:43:41.917  INFO 1017953 --- [main] o.s.s.concurrent.ThreadPoolTaskExecutor  : Initializing ExecutorService 'applicationTaskExecutor'
2022-04-08 18:43:41.938 DEBUG 1017953 --- [main] s.w.s.m.m.a.RequestMappingHandlerAdapter : ControllerAdvice beans: 0 @ModelAttribute, 0 @InitBinder, 1 RequestBodyAdvice, 1 ResponseBodyAdvice
2022-04-08 18:43:42.100 DEBUG 1017953 --- [main] o.s.w.s.handler.SimpleUrlHandlerMapping  : Patterns [/webjars/**, /**] in 'resourceHandlerMapping'
2022-04-08 18:43:42.111 DEBUG 1017953 --- [main] .m.m.a.ExceptionHandlerExceptionResolver : ControllerAdvice beans: 1 @ExceptionHandler, 1 ResponseBodyAdvice
2022-04-08 18:43:42.204  INFO 1017953 --- [main] d.s.w.p.DocumentationPluginsBootstrapper : Context refreshed
2022-04-08 18:43:42.235  INFO 1017953 --- [main] d.s.w.p.DocumentationPluginsBootstrapper : Found 1 custom documentation plugin(s)
2022-04-08 18:43:42.282  INFO 1017953 --- [main] s.d.s.w.s.ApiListingReferenceScanner     : Scanning for api listing references
2022-04-08 18:43:42.535  INFO 1017953 --- [main] o.s.b.w.embedded.tomcat.TomcatWebServer  : Tomcat started on port(s): 9221 (http) with context path ''
2022-04-08 18:43:42.574  INFO 1017953 --- [main] c.h.a.c.CustomScannersServiceApplication : Started CustomScannersServiceApplication in 7.613 seconds (JVM running for 9.463)
2022-04-08 18:43:42.720  INFO 1017953 --- [http-nio-9221-exec-1] o.a.c.c.C.[Tomcat].[localhost].[/]       : Initializing Spring DispatcherServlet 'dispatcherServlet'
2022-04-08 18:43:42.720  INFO 1017953 --- [http-nio-9221-exec-1] o.s.web.servlet.DispatcherServlet        : Initializing Servlet 'dispatcherServlet'
2022-04-08 18:43:42.720 DEBUG 1017953 --- [http-nio-9221-exec-1] o.s.web.servlet.DispatcherServlet        : Detected StandardServletMultipartResolver
2022-04-08 18:43:42.721 DEBUG 1017953 --- [http-nio-9221-exec-1] o.s.web.servlet.DispatcherServlet        : Detected CookieLocaleResolver
2022-04-08 18:43:42.721 DEBUG 1017953 --- [http-nio-9221-exec-1] o.s.web.servlet.DispatcherServlet        : Detected CookieThemeResolver
2022-04-08 18:43:42.725 DEBUG 1017953 --- [http-nio-9221-exec-1] o.s.web.servlet.DispatcherServlet        : enableLoggingRequestDetails='false': request parameters and headers will be masked to prevent unsafe logging of potentially sensitive data
2022-04-08 18:43:42.727  INFO 1017953 --- [http-nio-9221-exec-1] o.s.web.servlet.DispatcherServlet        : Completed initialization in 7 ms
2022-04-08 18:43:42.739 DEBUG 1017953 --- [http-nio-9221-exec-1] o.s.web.servlet.DispatcherServlet        : GET "/v1/scanRules", parameters={}
2022-04-08 18:43:42.747 DEBUG 1017953 --- [http-nio-9221-exec-1] s.w.s.m.m.a.RequestMappingHandlerMapping : Mapped to com.hcl.appscan.customscannersservice.controller.CustomScannersController#getScanRules(String[])
2022-04-08 18:43:42.776 DEBUG 1017953 --- [http-nio-9221-exec-1] o.s.w.s.m.m.a.HttpEntityMethodProcessor  : Using 'application/json', given [application/json] and supported [application/json]
2022-04-08 18:43:42.794 DEBUG 1017953 --- [http-nio-9221-exec-1] o.s.w.s.m.m.a.HttpEntityMethodProcessor  : Writing [{Golang={com.ouncelabs.languagelite.golang.rules.CommMisconfig=CustomScannersServiceScanRule{ruleNam (truncated)...]
2022-04-08 18:43:43.062 DEBUG 1017953 --- [http-nio-9221-exec-1] o.s.web.servlet.DispatcherServlet        : Completed 200 OK
2022-04-08 18:43:45.515 DEBUG 1017953 --- [http-nio-9221-exec-2] o.s.web.servlet.DispatcherServlet        : POST "/v1/scanFile", parameters={masked}
2022-04-08 18:43:45.519 DEBUG 1017953 --- [http-nio-9221-exec-2] s.w.s.m.m.a.RequestMappingHandlerMapping : Mapped to com.hcl.appscan.customscannersservice.controller.CustomScannersController#runScanFile(MultipartFile, String, int[])
2022-04-08 18:43:45.889 DEBUG 1017953 --- [http-nio-9221-exec-2] .m.m.a.ExceptionHandlerExceptionResolver : Using @ExceptionHandler com.hcl.appscan.customscannersservice.controller.CustomScannersControllerAdvice#handleInvalidArgument(IllegalArgumentException)
2022-04-08 18:43:45.898 DEBUG 1017953 --- [http-nio-9221-exec-2] o.s.w.s.m.m.a.HttpEntityMethodProcessor  : Using 'application/json', given [application/json] and supported [application/json, application/*+json, application/json, application/*+json]
2022-04-08 18:43:45.899 DEBUG 1017953 --- [http-nio-9221-exec-2] o.s.w.s.m.m.a.HttpEntityMethodProcessor  : Writing [com.hcl.appscan.customscannersservice.controller.CustomScannersControllerAdvice$ErrorMessage@69ae806 (truncated)...]
2022-04-08 18:43:45.903 DEBUG 1017953 --- [http-nio-9221-exec-2] .m.m.a.ExceptionHandlerExceptionResolver : Resolved [java.lang.IllegalArgumentException: The following file type is not supported: txt]
2022-04-08 18:43:45.904 DEBUG 1017953 --- [http-nio-9221-exec-2] o.s.web.servlet.DispatcherServlet        : Completed 422 UNPROCESSABLE_ENTITY
